1672266524720	geckodriver	INFO	Listening on 127.0.0.1:60854
1672266527813	mozrunner::runner	INFO	Running command: "C:\\Program Files\\Mozilla Firefox\\firefox.exe" "--marionette" "--remote-debugging-port" "60855" "--remote-allow-hosts" "localhost" "-no-remote" "-profile" "C:\\Users\\Admin\\AppData\\Local\\Temp\\rust_mozprofile0u9oh5"
1672266528380	Marionette	INFO	Marionette enabled
1672266528388	Marionette	INFO	Listening on port 60866
Read port: 60866
WebDriver BiDi listening on ws://127.0.0.1:60855
1672266528611	RemoteAgent	WARN	TLS certificate errors will be ignored for this session
console.warn: SearchSettings: "get: No settings file exists, new profile?" (new NotFoundError("Could not open the file at C:\\Users\\Admin\\AppData\\Local\\Temp\\rust_mozprofile0u9oh5\\search.json.mozlz4", (void 0)))
DevTools listening on ws://127.0.0.1:60855/devtools/browser/b041c26a-0223-4dc6-87e6-fbb91b3a0d30
JavaScript warning: https://ads.adthrive.com/builds/core/f5cb2d1/es2018/js/adthrive.min.js?deployment=stable&experiments=rubiconFloors,recencyFrequency, line 3: WEBGL_debug_renderer_info is deprecated in Firefox and will be removed. Please use RENDERER.
JavaScript warning: https://ads.adthrive.com/builds/core/f5cb2d1/gdpr/vendor/prebid/es2018/prebid.min.js, line 1: unreachable code after return statement
console.warn: "Listener for event 'frame' did not return a promise."
console.warn: "Listener for event 'frame' did not return a promise."
console.warn: "Listener for event 'frame' did not return a promise."
JavaScript warning: https://pagead2.googlesyndication.com/bg/GC5M5N_VN3lVd7ErmxmldCKoshgV9d2S74rLP9hyoZw.js line 2 > eval line 5487 > eval line 1 > eval line 1 > eval, line 1: WEBGL_debug_renderer_info is deprecated in Firefox and will be removed. Please use RENDERER.
console.warn: "Listener for event 'frame' did not return a promise."
Handler function threw an exception: TypeError: browsingContext.currentWindowGlobal is null
Stack: isChannelFromSystemPrincipal@resource://devtools/shared/network-observer/NetworkUtils.sys.mjs:93:1
createNetworkEvent@resource://devtools/shared/network-observer/NetworkUtils.sys.mjs:182:33
#createNetworkEvent@resource://devtools/shared/network-observer/NetworkObserver.sys.mjs:707:37
@resource://devtools/shared/network-observer/NetworkObserver.sys.mjs:340:35
makeInfallible/<@resource://devtools/shared/DevToolsInfaillibleUtils.sys.mjs:43:22
Line: 93, column: 1
console.error: (new TypeError("browsingContext.currentWindowGlobal is null", "resource://devtools/shared/network-observer/NetworkUtils.sys.mjs", 93))
console.warn: "Error while destroying front:" "inspector" (new Error("Connection closed, pending request to server0.conn0.windowGlobal4294967317/inspectorActor4, type getWalker failed\n\nRequest stack:\nrequest@resource://devtools/shared/protocol/Front.js:300:14\ngenerateRequestMethods/</frontProto[name]@resource://devtools/shared/protocol/Front/FrontClassWithSpec.js:47:19\n_getWalker@resource://devtools/client/fronts/inspector.js:91:30\ninitialize@resource://devtools/client/fronts/inspector.js:80:12\n", "resource://devtools/shared/protocol/Front.js", 106))
console.warn: "Listener for event 'frame' did not return a promise."
console.warn: "Listener for event 'frame' did not return a promise."
console.warn: "Listener for event 'frame' did not return a promise."
console.warn: "Listener for event 'frame' did not return a promise."
console.warn: "Listener for event 'frame' did not return a promise."
console.warn: "Listener for event 'frame' did not return a promise."
console.warn: "Listener for event 'frame' did not return a promise."
console.warn: "Listener for event 'frame' did not return a promise."
console.warn: "Listener for event 'frame' did not return a promise."
console.warn: "Listener for event 'frame' did not return a promise."
console.warn: "Listener for event 'frame' did not return a promise."
console.warn: "Listener for event 'frame' did not return a promise."
JavaScript warning: https://pagead2.googlesyndication.com/bg/GC5M5N_VN3lVd7ErmxmldCKoshgV9d2S74rLP9hyoZw.js line 2 > eval line 4107 > eval line 1 > eval line 1 > eval, line 1: WEBGL_debug_renderer_info is deprecated in Firefox and will be removed. Please use RENDERER.
JavaScript warning: https://pagead2.googlesyndication.com/bg/GC5M5N_VN3lVd7ErmxmldCKoshgV9d2S74rLP9hyoZw.js line 2 > eval line 4027 > eval line 1 > eval line 1 > eval, line 1: WEBGL_debug_renderer_info is deprecated in Firefox and will be removed. Please use RENDERER.
console.warn: "Listener for event 'frame' did not return a promise."
console.warn: "Listener for event 'frame' did not return a promise."
console.warn: "Listener for event 'frame' did not return a promise."
console.warn: "Listener for event 'frame' did not return a promise."
console.warn: "Listener for event 'frame' did not return a promise."
console.warn: "Listener for event 'frame' did not return a promise."
console.warn: "Listener for event 'frame' did not return a promise."
console.warn: "Listener for event 'frame' did not return a promise."
console.warn: "Listener for event 'frame' did not return a promise."
console.warn: "Listener for event 'frame' did not return a promise."
console.warn: "Listener for event 'frame' did not return a promise."
console.warn: "Listener for event 'frame' did not return a promise."
console.warn: "Listener for event 'frame' did not return a promise."
console.warn: "Listener for event 'frame' did not return a promise."
console.warn: "Listener for event 'frame' did not return a promise."
console.warn: "Listener for event 'frame' did not return a promise."
console.warn: "Listener for event 'frame' did not return a promise."
console.warn: "Listener for event 'frame' did not return a promise."
console.warn: "Listener for event 'frame' did not return a promise."
console.warn: "Listener for event 'frame' did not return a promise."
console.warn: "Listener for event 'frame' did not return a promise."
console.warn: "Listener for event 'frame' did not return a promise."
console.warn: "Listener for event 'frame' did not return a promise."
console.warn: "Listener for event 'frame' did not return a promise."
console.warn: "Listener for event 'frame' did not return a promise."
console.warn: "Listener for event 'frame' did not return a promise."
console.warn: "Listener for event 'frame' did not return a promise."
JavaScript error: , line 0: TypeError: NetworkError when attempting to fetch resource.
console.warn: "Listener for event 'frame' did not return a promise."
console.warn: "Listener for event 'frame' did not return a promise."
Handler function threw an exception: TypeError: browsingContext.currentWindowGlobal is null
Stack: isChannelFromSystemPrincipal@resource://devtools/shared/network-observer/NetworkUtils.sys.mjs:93:1
createNetworkEvent@resource://devtools/shared/network-observer/NetworkUtils.sys.mjs:182:33
#createNetworkEvent@resource://devtools/shared/network-observer/NetworkObserver.sys.mjs:707:37
@resource://devtools/shared/network-observer/NetworkObserver.sys.mjs:340:35
makeInfallible/<@resource://devtools/shared/DevToolsInfaillibleUtils.sys.mjs:43:22
Line: 93, column: 1
console.error: (new TypeError("browsingContext.currentWindowGlobal is null", "resource://devtools/shared/network-observer/NetworkUtils.sys.mjs", 93))
console.warn: "Listener for event 'frame' did not return a promise."
console.warn: "Listener for event 'frame' did not return a promise."
console.warn: "Listener for event 'frame' did not return a promise."
console.warn: "Listener for event 'frame' did not return a promise."
console.warn: "Listener for event 'frame' did not return a promise."
console.warn: "Listener for event 'frame' did not return a promise."
console.warn: "Listener for event 'frame' did not return a promise."
console.warn: "Listener for event 'frame' did not return a promise."
console.warn: "Listener for event 'frame' did not return a promise."
JavaScript warning: https://pagead2.googlesyndication.com/bg/GC5M5N_VN3lVd7ErmxmldCKoshgV9d2S74rLP9hyoZw.js line 2 > eval line 3723 > eval line 1 > eval line 1 > eval, line 1: WEBGL_debug_renderer_info is deprecated in Firefox and will be removed. Please use RENDERER.
console.error: "Error when attaching target:" (new Error("Connection closed, pending request to server0.conn0.windowGlobal4294967470/thread1, type isAttached failed\n\nRequest stack:\nrequest@resource://devtools/shared/protocol/Front.js:300:14\ngenerateRequestMethods/</frontProto[name]@resource://devtools/shared/protocol/Front/FrontClassWithSpec.js:47:19\nattachThread@resource://devtools/client/fronts/targets/target-mixin.js:566:49\n", "resource://devtools/shared/protocol/Front.js", 106))
console.warn: "Listener for event 'frame' did not return a promise."
console.error: "Error when attaching target:" (new Error("Connection closed, pending request to server0.conn0.windowGlobal4294967471/thread1, type isAttached failed\n\nRequest stack:\nrequest@resource://devtools/shared/protocol/Front.js:300:14\ngenerateRequestMethods/</frontProto[name]@resource://devtools/shared/protocol/Front/FrontClassWithSpec.js:47:19\nattachThread@resource://devtools/client/fronts/targets/target-mixin.js:566:49\n", "resource://devtools/shared/protocol/Front.js", 106))
console.warn: "Listener for event 'frame' did not return a promise."
console.warn: "Listener for event 'frame' did not return a promise."
console.error: "Error when attaching target:" (new Error("Connection closed, pending request to server0.conn0.windowGlobal4294967473/thread1, type isAttached failed\n\nRequest stack:\nrequest@resource://devtools/shared/protocol/Front.js:300:14\ngenerateRequestMethods/</frontProto[name]@resource://devtools/shared/protocol/Front/FrontClassWithSpec.js:47:19\nattachThread@resource://devtools/client/fronts/targets/target-mixin.js:566:49\n", "resource://devtools/shared/protocol/Front.js", 106))
console.warn: "Listener for event 'frame' did not return a promise."
console.error: (new Error("Unexpected packet server0.conn0.windowGlobal4294967473/thread1, {\"value\":true,\"from\":\"server0.conn0.windowGlobal4294967473/thread1\"}", "resource://devtools/shared/protocol/Front.js", 362))
Handler function LocalDebuggerTransport instance's this.other.hooks.onPacket threw an exception: Error: Unexpected packet server0.conn0.windowGlobal4294967473/thread1, {"value":true,"from":"server0.conn0.windowGlobal4294967473/thread1"}
Stack: onPacket@resource://devtools/shared/protocol/Front.js:362:24
onPacket@resource://devtools/client/devtools-client.js:488:13
send/<@resource://devtools/shared/transport/local-transport.js:67:25
exports.makeInfallible/<@resource://devtools/shared/ThreadSafeDevToolsUtils.js:103:22
exports.makeInfallible/<@resource://devtools/shared/ThreadSafeDevToolsUtils.js:103:22
Line: 362, column: 24
console.error: (new Error("Unexpected packet server0.conn0.windowGlobal4294967473/thread1, {\"value\":true,\"from\":\"server0.conn0.windowGlobal4294967473/thread1\"}", "resource://devtools/shared/protocol/Front.js", 362))
console.error: "Error when attaching target:" (new Error("Connection closed, pending request to server0.conn0.windowGlobal4294967474/thread1, type isAttached failed\n\nRequest stack:\nrequest@resource://devtools/shared/protocol/Front.js:300:14\ngenerateRequestMethods/</frontProto[name]@resource://devtools/shared/protocol/Front/FrontClassWithSpec.js:47:19\nattachThread@resource://devtools/client/fronts/targets/target-mixin.js:566:49\n", "resource://devtools/shared/protocol/Front.js", 106))
console.warn: "Listener for event 'frame' did not return a promise."
console.error: (new Error("Unexpected packet server0.conn0.windowGlobal4294967474/thread1, {\"value\":true,\"from\":\"server0.conn0.windowGlobal4294967474/thread1\"}", "resource://devtools/shared/protocol/Front.js", 362))
Handler function LocalDebuggerTransport instance's this.other.hooks.onPacket threw an exception: Error: Unexpected packet server0.conn0.windowGlobal4294967474/thread1, {"value":true,"from":"server0.conn0.windowGlobal4294967474/thread1"}
Stack: onPacket@resource://devtools/shared/protocol/Front.js:362:24
onPacket@resource://devtools/client/devtools-client.js:488:13
send/<@resource://devtools/shared/transport/local-transport.js:67:25
exports.makeInfallible/<@resource://devtools/shared/ThreadSafeDevToolsUtils.js:103:22
exports.makeInfallible/<@resource://devtools/shared/ThreadSafeDevToolsUtils.js:103:22
Line: 362, column: 24
console.error: (new Error("Unexpected packet server0.conn0.windowGlobal4294967474/thread1, {\"value\":true,\"from\":\"server0.conn0.windowGlobal4294967474/thread1\"}", "resource://devtools/shared/protocol/Front.js", 362))
console.warn: "Listener for event 'frame' did not return a promise."
console.warn: "Listener for event 'frame' did not return a promise."
console.error: "Error when attaching target:" (new Error("Connection closed, pending request to server0.conn0.windowGlobal4294967499/thread1, type isAttached failed\n\nRequest stack:\nrequest@resource://devtools/shared/protocol/Front.js:300:14\ngenerateRequestMethods/</frontProto[name]@resource://devtools/shared/protocol/Front/FrontClassWithSpec.js:47:19\nattachThread@resource://devtools/client/fronts/targets/target-mixin.js:566:49\n", "resource://devtools/shared/protocol/Front.js", 106))
console.error: "Error when attaching target:" (new Error("Connection closed, pending request to server0.conn0.windowGlobal4294967500/thread1, type isAttached failed\n\nRequest stack:\nrequest@resource://devtools/shared/protocol/Front.js:300:14\ngenerateRequestMethods/</frontProto[name]@resource://devtools/shared/protocol/Front/FrontClassWithSpec.js:47:19\nattachThread@resource://devtools/client/fronts/targets/target-mixin.js:566:49\n", "resource://devtools/shared/protocol/Front.js", 106))
console.warn: "Listener for event 'frame' did not return a promise."
console.warn: "Listener for event 'frame' did not return a promise."
console.warn: "Listener for event 'frame' did not return a promise."
console.error: (new Error("Unexpected packet server0.conn0.windowGlobal4294967499/thread1, {\"value\":true,\"from\":\"server0.conn0.windowGlobal4294967499/thread1\"}", "resource://devtools/shared/protocol/Front.js", 362))
Handler function LocalDebuggerTransport instance's this.other.hooks.onPacket threw an exception: Error: Unexpected packet server0.conn0.windowGlobal4294967499/thread1, {"value":true,"from":"server0.conn0.windowGlobal4294967499/thread1"}
Stack: onPacket@resource://devtools/shared/protocol/Front.js:362:24
onPacket@resource://devtools/client/devtools-client.js:488:13
send/<@resource://devtools/shared/transport/local-transport.js:67:25
exports.makeInfallible/<@resource://devtools/shared/ThreadSafeDevToolsUtils.js:103:22
exports.makeInfallible/<@resource://devtools/shared/ThreadSafeDevToolsUtils.js:103:22
Line: 362, column: 24
console.error: (new Error("Unexpected packet server0.conn0.windowGlobal4294967499/thread1, {\"value\":true,\"from\":\"server0.conn0.windowGlobal4294967499/thread1\"}", "resource://devtools/shared/protocol/Front.js", 362))
console.error: "Error when attaching target:" (new Error("Connection closed, pending request to server0.conn0.windowGlobal4294967501/thread1, type isAttached failed\n\nRequest stack:\nrequest@resource://devtools/shared/protocol/Front.js:300:14\ngenerateRequestMethods/</frontProto[name]@resource://devtools/shared/protocol/Front/FrontClassWithSpec.js:47:19\nattachThread@resource://devtools/client/fronts/targets/target-mixin.js:566:49\n", "resource://devtools/shared/protocol/Front.js", 106))
console.warn: "Listener for event 'frame' did not return a promise."
console.warn: "Listener for event 'frame' did not return a promise."
console.error: (new Error("Unexpected packet server0.conn0.windowGlobal4294967501/thread1, {\"value\":true,\"from\":\"server0.conn0.windowGlobal4294967501/thread1\"}", "resource://devtools/shared/protocol/Front.js", 362))
Handler function LocalDebuggerTransport instance's this.other.hooks.onPacket threw an exception: Error: Unexpected packet server0.conn0.windowGlobal4294967501/thread1, {"value":true,"from":"server0.conn0.windowGlobal4294967501/thread1"}
Stack: onPacket@resource://devtools/shared/protocol/Front.js:362:24
onPacket@resource://devtools/client/devtools-client.js:488:13
send/<@resource://devtools/shared/transport/local-transport.js:67:25
exports.makeInfallible/<@resource://devtools/shared/ThreadSafeDevToolsUtils.js:103:22
exports.makeInfallible/<@resource://devtools/shared/ThreadSafeDevToolsUtils.js:103:22
Line: 362, column: 24
console.error: (new Error("Unexpected packet server0.conn0.windowGlobal4294967501/thread1, {\"value\":true,\"from\":\"server0.conn0.windowGlobal4294967501/thread1\"}", "resource://devtools/shared/protocol/Front.js", 362))
console.warn: "Listener for event 'frame' did not return a promise."
console.error: "Error when attaching target:" (new Error("Connection closed, pending request to server0.conn0.windowGlobal4294967503/thread1, type isAttached failed\n\nRequest stack:\nrequest@resource://devtools/shared/protocol/Front.js:300:14\ngenerateRequestMethods/</frontProto[name]@resource://devtools/shared/protocol/Front/FrontClassWithSpec.js:47:19\nattachThread@resource://devtools/client/fronts/targets/target-mixin.js:566:49\n", "resource://devtools/shared/protocol/Front.js", 106))
console.warn: "Listener for event 'frame' did not return a promise."
console.error: (new Error("Unexpected packet server0.conn0.windowGlobal4294967503/thread1, {\"value\":true,\"from\":\"server0.conn0.windowGlobal4294967503/thread1\"}", "resource://devtools/shared/protocol/Front.js", 362))
Handler function LocalDebuggerTransport instance's this.other.hooks.onPacket threw an exception: Error: Unexpected packet server0.conn0.windowGlobal4294967503/thread1, {"value":true,"from":"server0.conn0.windowGlobal4294967503/thread1"}
Stack: onPacket@resource://devtools/shared/protocol/Front.js:362:24
onPacket@resource://devtools/client/devtools-client.js:488:13
send/<@resource://devtools/shared/transport/local-transport.js:67:25
exports.makeInfallible/<@resource://devtools/shared/ThreadSafeDevToolsUtils.js:103:22
exports.makeInfallible/<@resource://devtools/shared/ThreadSafeDevToolsUtils.js:103:22
Line: 362, column: 24
console.error: (new Error("Unexpected packet server0.conn0.windowGlobal4294967503/thread1, {\"value\":true,\"from\":\"server0.conn0.windowGlobal4294967503/thread1\"}", "resource://devtools/shared/protocol/Front.js", 362))
console.error: "Error when attaching target:" (new Error("Connection closed, pending request to server0.conn0.windowGlobal4294967508/thread1, type isAttached failed\n\nRequest stack:\nrequest@resource://devtools/shared/protocol/Front.js:300:14\ngenerateRequestMethods/</frontProto[name]@resource://devtools/shared/protocol/Front/FrontClassWithSpec.js:47:19\nattachThread@resource://devtools/client/fronts/targets/target-mixin.js:566:49\n", "resource://devtools/shared/protocol/Front.js", 106))
console.warn: "Listener for event 'frame' did not return a promise."
console.error: (new Error("Unexpected packet server0.conn0.windowGlobal4294967508/thread1, {\"value\":true,\"from\":\"server0.conn0.windowGlobal4294967508/thread1\"}", "resource://devtools/shared/protocol/Front.js", 362))
Handler function LocalDebuggerTransport instance's this.other.hooks.onPacket threw an exception: Error: Unexpected packet server0.conn0.windowGlobal4294967508/thread1, {"value":true,"from":"server0.conn0.windowGlobal4294967508/thread1"}
Stack: onPacket@resource://devtools/shared/protocol/Front.js:362:24
onPacket@resource://devtools/client/devtools-client.js:488:13
send/<@resource://devtools/shared/transport/local-transport.js:67:25
exports.makeInfallible/<@resource://devtools/shared/ThreadSafeDevToolsUtils.js:103:22
exports.makeInfallible/<@resource://devtools/shared/ThreadSafeDevToolsUtils.js:103:22
Line: 362, column: 24
console.error: (new Error("Unexpected packet server0.conn0.windowGlobal4294967508/thread1, {\"value\":true,\"from\":\"server0.conn0.windowGlobal4294967508/thread1\"}", "resource://devtools/shared/protocol/Front.js", 362))
console.error: "Error when attaching target:" (new Error("Connection closed, pending request to server0.conn0.windowGlobal4294967511/thread1, type isAttached failed\n\nRequest stack:\nrequest@resource://devtools/shared/protocol/Front.js:300:14\ngenerateRequestMethods/</frontProto[name]@resource://devtools/shared/protocol/Front/FrontClassWithSpec.js:47:19\nattachThread@resource://devtools/client/fronts/targets/target-mixin.js:566:49\n", "resource://devtools/shared/protocol/Front.js", 106))
console.warn: "Listener for event 'frame' did not return a promise."
console.error: (new Error("Unexpected packet server0.conn0.windowGlobal4294967511/thread1, {\"value\":true,\"from\":\"server0.conn0.windowGlobal4294967511/thread1\"}", "resource://devtools/shared/protocol/Front.js", 362))
Handler function LocalDebuggerTransport instance's this.other.hooks.onPacket threw an exception: Error: Unexpected packet server0.conn0.windowGlobal4294967511/thread1, {"value":true,"from":"server0.conn0.windowGlobal4294967511/thread1"}
Stack: onPacket@resource://devtools/shared/protocol/Front.js:362:24
onPacket@resource://devtools/client/devtools-client.js:488:13
send/<@resource://devtools/shared/transport/local-transport.js:67:25
exports.makeInfallible/<@resource://devtools/shared/ThreadSafeDevToolsUtils.js:103:22
exports.makeInfallible/<@resource://devtools/shared/ThreadSafeDevToolsUtils.js:103:22
Line: 362, column: 24
console.error: (new Error("Unexpected packet server0.conn0.windowGlobal4294967511/thread1, {\"value\":true,\"from\":\"server0.conn0.windowGlobal4294967511/thread1\"}", "resource://devtools/shared/protocol/Front.js", 362))
console.error: "Unable to find target with innerWindowId:4294967446"
console.error: "Unable to find target with innerWindowId:4294967446"
console.error: "Unable to find target with innerWindowId:4294967446"
JavaScript error: , line 0: TypeError: NetworkError when attempting to fetch resource.
console.warn: "Listener for event 'frame' did not return a promise."
console.warn: "Listener for event 'frame' did not return a promise."
console.warn: "Listener for event 'frame' did not return a promise."
console.warn: "Listener for event 'frame' did not return a promise."
console.warn: "Listener for event 'frame' did not return a promise."
console.warn: "Listener for event 'frame' did not return a promise."
JavaScript warning: https://pagead2.googlesyndication.com/bg/GC5M5N_VN3lVd7ErmxmldCKoshgV9d2S74rLP9hyoZw.js line 2 > eval line 4768 > eval line 1 > eval line 1 > eval, line 1: WEBGL_debug_renderer_info is deprecated in Firefox and will be removed. Please use RENDERER.
console.error: "Unable to find target with innerWindowId:4294967328"
console.error: "Unable to find target with innerWindowId:4294967328"
JavaScript error: , line 0: TypeError: NetworkError when attempting to fetch resource.
console.warn: "Listener for event 'frame' did not return a promise."
JavaScript warning: https://www.keynotesupport.com/internet/web-contact-form-example-radio-buttons.shtml line 1 > injectedScript, line 1: WEBGL_debug_renderer_info is deprecated in Firefox and will be removed. Please use RENDERER.
console.warn: "Listener for event 'frame' did not return a promise."
console.warn: "Listener for event 'frame' did not return a promise."
console.warn: "Error while destroying front:" "inspector" (new Error("Connection closed, pending request to server0.conn0.windowGlobal4294967538/inspectorActor4, type getWalker failed\n\nRequest stack:\nrequest@resource://devtools/shared/protocol/Front.js:300:14\ngenerateRequestMethods/</frontProto[name]@resource://devtools/shared/protocol/Front/FrontClassWithSpec.js:47:19\n_getWalker@resource://devtools/client/fronts/inspector.js:91:30\ninitialize@resource://devtools/client/fronts/inspector.js:80:12\n", "resource://devtools/shared/protocol/Front.js", 106))
console.warn: "Listener for event 'frame' did not return a promise."
console.warn: "Listener for event 'frame' did not return a promise."
console.warn: "Listener for event 'frame' did not return a promise."
JavaScript warning: https://z.moatads.com/quantcastv2691176990399/moatad.js#moatClientLevel1=p-tTB93UFC5vepM&moatClientLevel2=qfm&moatClientLevel3=6739a251-d6cb-4c35-bccc-c91a1ca38364&moatClientLevel4=7508fbe9-0c80-4dbd-98c1-8f511c3f3f06&uid=wqD7w5Ck-Jfbo_jExOz9k8T45MeT9PqLkqT7wpPxrZbDpPiT2qMY5g==, line 240: WEBGL_debug_renderer_info is deprecated in Firefox and will be removed. Please use RENDERER.
console.warn: "Listener for event 'frame' did not return a promise."
console.warn: "Listener for event 'frame' did not return a promise."
console.warn: "Listener for event 'frame' did not return a promise."
console.warn: "Listener for event 'frame' did not return a promise."
JavaScript error: resource://gre/modules/AsyncShutdown.jsm, line 560: NotFoundError: No such JSWindowActor 'DevToolsFrame'
JavaScript error: resource://gre/modules/AsyncShutdown.jsm, line 560: NotFoundError: No such JSWindowActor 'DevToolsFrame'
JavaScript error: resource://gre/modules/AsyncShutdown.jsm, line 560: NotFoundError: No such JSWindowActor 'DevToolsFrame'
JavaScript error: resource://gre/modules/AsyncShutdown.jsm, line 560: NotFoundError: No such JSWindowActor 'DevToolsFrame'
JavaScript error: resource://gre/modules/AsyncShutdown.jsm, line 560: NotFoundError: No such JSWindowActor 'DevToolsFrame'
JavaScript error: resource://gre/modules/AsyncShutdown.jsm, line 560: NotFoundError: No such JSWindowActor 'DevToolsFrame'
JavaScript error: resource://gre/modules/AsyncShutdown.jsm, line 560: NotFoundError: No such JSWindowActor 'DevToolsFrame'
JavaScript error: resource://gre/modules/AsyncShutdown.jsm, line 560: NotFoundError: No such JSWindowActor 'DevToolsFrame'
JavaScript error: resource://gre/modules/AsyncShutdown.jsm, line 560: NotFoundError: No such JSWindowActor 'DevToolsFrame'
JavaScript error: resource://gre/modules/AsyncShutdown.jsm, line 560: NotFoundError: No such JSWindowActor 'DevToolsFrame'
JavaScript error: resource://gre/modules/AsyncShutdown.jsm, line 560: NotFoundError: No such JSWindowActor 'DevToolsFrame'
JavaScript error: resource://gre/modules/AsyncShutdown.jsm, line 560: NotFoundError: No such JSWindowActor 'DevToolsFrame'
JavaScript error: resource://gre/modules/AsyncShutdown.jsm, line 560: NotFoundError: No such JSWindowActor 'DevToolsFrame'
JavaScript error: resource://gre/modules/AsyncShutdown.jsm, line 560: NotFoundError: No such JSWindowActor 'DevToolsFrame'
JavaScript error: resource://gre/modules/AsyncShutdown.jsm, line 560: NotFoundError: No such JSWindowActor 'DevToolsFrame'
JavaScript error: resource://gre/modules/AsyncShutdown.jsm, line 560: NotFoundError: No such JSWindowActor 'DevToolsFrame'
JavaScript error: resource://gre/modules/AsyncShutdown.jsm, line 560: NotFoundError: No such JSWindowActor 'DevToolsFrame'
JavaScript error: resource://gre/modules/AsyncShutdown.jsm, line 560: NotFoundError: No such JSWindowActor 'DevToolsFrame'
JavaScript error: resource://gre/modules/AsyncShutdown.jsm, line 560: NotFoundError: No such JSWindowActor 'DevToolsFrame'
JavaScript error: resource://gre/modules/AsyncShutdown.jsm, line 560: NotFoundError: No such JSWindowActor 'DevToolsFrame'
JavaScript error: resource://gre/modules/AsyncShutdown.jsm, line 560: NotFoundError: No such JSWindowActor 'DevToolsFrame'
JavaScript error: resource://gre/modules/AsyncShutdown.jsm, line 560: NotFoundError: No such JSWindowActor 'DevToolsFrame'
JavaScript error: resource://gre/modules/AsyncShutdown.jsm, line 560: NotFoundError: No such JSWindowActor 'DevToolsFrame'
JavaScript error: resource://gre/modules/AsyncShutdown.jsm, line 560: NotFoundError: No such JSWindowActor 'DevToolsFrame'
JavaScript error: resource://gre/modules/AsyncShutdown.jsm, line 560: NotFoundError: No such JSWindowActor 'DevToolsFrame'
JavaScript error: resource://gre/modules/AsyncShutdown.jsm, line 560: NotFoundError: No such JSWindowActor 'DevToolsFrame'
JavaScript error: resource://gre/modules/AsyncShutdown.jsm, line 560: NotFoundError: No such JSWindowActor 'DevToolsFrame'
JavaScript error: resource://gre/modules/AsyncShutdown.jsm, line 560: NotFoundError: No such JSWindowActor 'DevToolsFrame'
JavaScript error: resource://gre/modules/AsyncShutdown.jsm, line 560: NotFoundError: No such JSWindowActor 'DevToolsFrame'
JavaScript error: resource://gre/modules/AsyncShutdown.jsm, line 560: NotFoundError: No such JSWindowActor 'DevToolsFrame'
JavaScript error: resource://gre/modules/AsyncShutdown.jsm, line 560: NotFoundError: No such JSWindowActor 'DevToolsFrame'
JavaScript error: resource://gre/modules/AsyncShutdown.jsm, line 560: NotFoundError: No such JSWindowActor 'DevToolsFrame'
JavaScript error: resource://gre/modules/AsyncShutdown.jsm, line 560: NotFoundError: No such JSWindowActor 'DevToolsFrame'
JavaScript error: resource://gre/modules/AsyncShutdown.jsm, line 560: NotFoundError: No such JSWindowActor 'DevToolsFrame'
JavaScript error: resource://gre/modules/AsyncShutdown.jsm, line 560: NotFoundError: No such JSWindowActor 'DevToolsFrame'
JavaScript error: resource://gre/modules/AsyncShutdown.jsm, line 560: NotFoundError: No such JSWindowActor 'DevToolsFrame'
JavaScript error: resource://gre/modules/AsyncShutdown.jsm, line 560: NotFoundError: No such JSWindowActor 'DevToolsFrame'
JavaScript error: resource://gre/modules/AsyncShutdown.jsm, line 560: NotFoundError: No such JSWindowActor 'DevToolsFrame'
JavaScript error: resource://gre/modules/AsyncShutdown.jsm, line 560: NotFoundError: No such JSWindowActor 'DevToolsFrame'
JavaScript error: resource://gre/modules/AsyncShutdown.jsm, line 560: NotFoundError: No such JSWindowActor 'DevToolsFrame'
JavaScript error: resource://gre/modules/AsyncShutdown.jsm, line 560: NotFoundError: No such JSWindowActor 'DevToolsFrame'
JavaScript error: resource://gre/modules/AsyncShutdown.jsm, line 560: NotFoundError: No such JSWindowActor 'DevToolsFrame'
JavaScript error: resource://gre/modules/AsyncShutdown.jsm, line 560: NotFoundError: No such JSWindowActor 'DevToolsFrame'
JavaScript error: resource://gre/modules/AsyncShutdown.jsm, line 560: NotFoundError: No such JSWindowActor 'DevToolsFrame'
JavaScript error: resource://gre/modules/AsyncShutdown.jsm, line 560: NotFoundError: No such JSWindowActor 'DevToolsFrame'
JavaScript error: resource://gre/modules/AsyncShutdown.jsm, line 560: NotFoundError: No such JSWindowActor 'DevToolsFrame'
JavaScript error: resource://gre/modules/AsyncShutdown.jsm, line 560: NotFoundError: No such JSWindowActor 'DevToolsFrame'
JavaScript error: resource://gre/modules/AsyncShutdown.jsm, line 560: NotFoundError: No such JSWindowActor 'DevToolsFrame'
JavaScript error: resource://gre/modules/AsyncShutdown.jsm, line 560: NotFoundError: No such JSWindowActor 'DevToolsFrame'
JavaScript error: resource://gre/modules/AsyncShutdown.jsm, line 560: NotFoundError: No such JSWindowActor 'DevToolsFrame'
JavaScript error: resource://gre/modules/AsyncShutdown.jsm, line 560: NotFoundError: No such JSWindowActor 'DevToolsFrame'
JavaScript error: resource://gre/modules/AsyncShutdown.jsm, line 560: NotFoundError: No such JSWindowActor 'DevToolsFrame'
JavaScript error: resource://gre/modules/AsyncShutdown.jsm, line 560: NotFoundError: No such JSWindowActor 'DevToolsFrame'
JavaScript error: resource://gre/modules/AsyncShutdown.jsm, line 560: NotFoundError: No such JSWindowActor 'DevToolsFrame'
JavaScript error: resource://gre/modules/AsyncShutdown.jsm, line 560: NotFoundError: No such JSWindowActor 'DevToolsFrame'
JavaScript error: resource://gre/modules/AsyncShutdown.jsm, line 560: NotFoundError: No such JSWindowActor 'DevToolsFrame'
JavaScript error: resource://gre/modules/AsyncShutdown.jsm, line 560: NotFoundError: No such JSWindowActor 'DevToolsFrame'
JavaScript error: resource://gre/modules/AsyncShutdown.jsm, line 560: NotFoundError: No such JSWindowActor 'DevToolsFrame'
JavaScript error: resource://gre/modules/AsyncShutdown.jsm, line 560: NotFoundError: No such JSWindowActor 'DevToolsFrame'
JavaScript error: resource://gre/modules/AsyncShutdown.jsm, line 560: NotFoundError: No such JSWindowActor 'DevToolsFrame'
JavaScript error: resource://gre/modules/AsyncShutdown.jsm, line 560: NotFoundError: No such JSWindowActor 'DevToolsFrame'
JavaScript error: resource://gre/modules/AsyncShutdown.jsm, line 560: NotFoundError: No such JSWindowActor 'DevToolsFrame'
JavaScript error: resource://gre/modules/AsyncShutdown.jsm, line 560: NotFoundError: No such JSWindowActor 'DevToolsFrame'
JavaScript error: resource://gre/modules/AsyncShutdown.jsm, line 560: NotFoundError: No such JSWindowActor 'DevToolsFrame'
JavaScript error: resource://gre/modules/AsyncShutdown.jsm, line 560: NotFoundError: No such JSWindowActor 'DevToolsFrame'
JavaScript error: resource://gre/modules/AsyncShutdown.jsm, line 560: NotFoundError: No such JSWindowActor 'DevToolsFrame'
JavaScript error: resource://gre/modules/AsyncShutdown.jsm, line 560: NotFoundError: No such JSWindowActor 'DevToolsFrame'
JavaScript error: resource://gre/modules/AsyncShutdown.jsm, line 560: NotFoundError: No such JSWindowActor 'DevToolsFrame'
JavaScript error: resource://gre/modules/AsyncShutdown.jsm, line 560: NotFoundError: No such JSWindowActor 'DevToolsFrame'
JavaScript error: resource://gre/modules/AsyncShutdown.jsm, line 560: NotFoundError: No such JSWindowActor 'DevToolsFrame'
1672266754244	Marionette	INFO	Stopped listening on port 60866
!!! error running onStopped callback: TypeError: callback is not a function
JavaScript error: , line 0: TypeError: NetworkError when attempting to fetch resource.
JavaScript error: , line 0: TypeError: NetworkError when attempting to fetch resource.
JavaScript error: , line 0: TypeError: NetworkError when attempting to fetch resource.
JavaScript error: resource://gre/modules/Sqlite.sys.mjs, line 1106: Error: Sqlite.sys.mjs has been shutdown. Cannot open connection to: C:\Users\Admin\AppData\Local\Temp\rust_mozprofile0u9oh5\protections.sqlite
